<?xml version="1.0" encoding="UTF-8"?>
<testsuite xmlns:xsi="http://www.w3.org/2001/XMLSchema-instance" xsi:noNamespaceSchemaLocation="https://maven.apache.org/surefire/maven-surefire-plugin/xsd/surefire-test-report-3.0.xsd" version="3.0" name="com.fintrack.transaction.TransactionServiceIntegrationTest" time="13.176" tests="4" errors="0" skipped="0" failures="0">
  <properties>
[...]
</properties>
  <testcase name="search_withStatusFilter_shouldReturnMatchingTransactions" classname="com.fintrack.transaction.TransactionServiceIntegrationTest" time="0.537">
    <system-out><![CDATA[13:20:52.234 [main] INFO org.springframework.test.context.support.AnnotationConfigContextLoaderUtils -- Could not detect default configuration classes for test class [com.fintrack.transaction.TransactionServiceIntegrationTest]: TransactionServiceIntegrationTest does not declare any static, non-private, non-final, nested classes annotated with @Configuration.
13:20:52.435 [main] INFO org.springframework.boot.test.context.SpringBootTestContextBootstrapper -- Found @SpringBootConfiguration com.fintrack.transaction.TransactionServiceApplication for test class com.fintrack.transaction.TransactionServiceIntegrationTest

  .   ____          _            __ _ _
 /\\ / ___'_ __ _ _(_)_ __  __ _ \ \ \ \
( ( )\___ | '_ | '_| | '_ \/ _` | \ \ \ \
 \\/  ___)| |_)| | | | | || (_| |  ) ) ) )
  '  |____| .__|_| |_|_| |_\__, | / / / /
 =========|_|==============|___/=/_/_/_/
 :: Spring Boot ::                (v3.2.0)

2026-03-20T13:20:54.732-05:00  INFO 13156 --- [           main] .s.d.r.c.RepositoryConfigurationDelegate : Multiple Spring Data modules found, entering strict repository configuration mode
2026-03-20T13:20:54.737-05:00  INFO 13156 --- [           main] .s.d.r.c.RepositoryConfigurationDelegate : Bootstrapping Spring Data JPA repositories in DEFAULT mode.
2026-03-20T13:20:54.877-05:00  INFO 13156 --- [           main] .s.d.r.c.RepositoryConfigurationDelegate : Finished Spring Data repository scanning in 127 ms. Found 1 JPA repository interface.
2026-03-20T13:20:56.717-05:00  INFO 13156 --- [           main] o.hibernate.jpa.internal.util.LogHelper  : HHH000204: Processing PersistenceUnitInfo [name: default]
2026-03-20T13:20:56.872-05:00  INFO 13156 --- [           main] org.hibernate.Version                    : HHH000412: Hibernate ORM core version 6.3.1.Final
2026-03-20T13:20:56.948-05:00  INFO 13156 --- [           main] o.h.c.internal.RegionFactoryInitiator    : HHH000026: Second-level cache disabled
2026-03-20T13:20:57.181-05:00  INFO 13156 --- [           main] o.s.o.j.p.SpringPersistenceUnitInfo      : No LoadTimeWeaver setup: ignoring JPA class transformer
2026-03-20T13:20:57.242-05:00  INFO 13156 --- [           main] com.zaxxer.hikari.HikariDataSource       : HikariPool-1 - Starting...
2026-03-20T13:20:57.645-05:00  INFO 13156 --- [           main] com.zaxxer.hikari.pool.HikariPool        : HikariPool-1 - Added connection conn0: url=jdbc:h2:mem:testdb user=SA
2026-03-20T13:20:57.648-05:00  INFO 13156 --- [           main] com.zaxxer.hikari.HikariDataSource       : HikariPool-1 - Start completed.
2026-03-20T13:20:58.984-05:00  INFO 13156 --- [           main] o.h.e.t.j.p.i.JtaPlatformInitiator       : HHH000489: No JTA platform available (set 'hibernate.transaction.jta.platform' to enable JTA platform integration)
2026-03-20T13:20:59.043-05:00  INFO 13156 --- [           main] j.LocalContainerEntityManagerFactoryBean : Initialized JPA EntityManagerFactory for persistence unit 'default'
2026-03-20T13:20:59.695-05:00  INFO 13156 --- [           main] o.s.d.j.r.query.QueryEnhancerFactory     : Hibernate is in classpath; If applicable, HQL parser will be used.
2026-03-20T13:21:00.969-05:00  WARN 13156 --- [           main] JpaBaseConfiguration$JpaWebConfiguration : spring.jpa.open-in-view is enabled by default. Therefore, database queries may be performed during view rendering. Explicitly configure spring.jpa.open-in-view to disable this warning
2026-03-20T13:21:01.065-05:00  WARN 13156 --- [           main] .s.s.UserDetailsServiceAutoConfiguration : 

Using generated security password: 55415fe6-618d-4b04-a6c8-5f06853f7617

This generated password is for development use only. Your security configuration must be updated before running your application in production.

2026-03-20T13:21:02.289-05:00  INFO 13156 --- [           main] o.s.b.a.e.web.EndpointLinksResolver      : Exposing 1 endpoint(s) beneath base path '/actuator'
2026-03-20T13:21:02.442-05:00  INFO 13156 --- [           main] o.s.s.web.DefaultSecurityFilterChain     : Will secure any request with [org.springframework.security.web.session.DisableEncodeUrlFilter@56d20e8d, org.springframework.security.web.context.request.async.WebAsyncManagerIntegrationFilter@61428675, org.springframework.security.web.context.SecurityContextHolderFilter@5c5295e4, org.springframework.security.web.header.HeaderWriterFilter@36f1262c, org.springframework.web.filter.CorsFilter@1c7cd5bf, org.springframework.security.web.authentication.logout.LogoutFilter@1ef06deb, org.springframework.security.web.savedrequest.RequestCacheAwareFilter@24a887a0, org.springframework.security.web.servletapi.SecurityContextHolderAwareRequestFilter@27ed1d60, org.springframework.security.web.authentication.AnonymousAuthenticationFilter@7ebc3412, org.springframework.security.web.session.SessionManagementFilter@2fc58f15, org.springframework.security.web.access.ExceptionTranslationFilter@e774bb3, org.springframework.security.web.access.intercept.AuthorizationFilter@91cdfb7]
]]></system-out>
  </testcase>
  <testcase name="createTransaction_sameIdempotencyKey_shouldReturnSameRecord" classname="com.fintrack.transaction.TransactionServiceIntegrationTest" time="0.023"/>
  <testcase name="createTransaction_aboveAmlThreshold_shouldBeFlagged" classname="com.fintrack.transaction.TransactionServiceIntegrationTest" time="0.01"/>
  <testcase name="createTransaction_shouldPersistAndEvaluateRules" classname="com.fintrack.transaction.TransactionServiceIntegrationTest" time="0.011"/>
</testsuite>